2018-07-22 11:47:29,984  INFO [main] TestBase:22 - Properties file have been loaded BY chetan
2018-07-22 11:47:30,056  INFO [main] TestBase:22 - Properties file have been loaded BY chetan
2018-07-22 11:47:30,481 DEBUG [main] RequestAddCookies:123 - CookieSpec selected: default
2018-07-22 11:47:30,490 DEBUG [main] RequestAuthCache:77 - Auth cache not set in the context
2018-07-22 11:47:30,491 DEBUG [main] PoolingHttpClientConnectionManager:255 - Connection request: [route: {s}->https://reqres.in:443][total kept alive: 0; route allocated: 0 of 2; total allocated: 0 of 20]
2018-07-22 11:47:30,503 DEBUG [main] PoolingHttpClientConnectionManager:288 - Connection leased: [id: 0][route: {s}->https://reqres.in:443][total kept alive: 0; route allocated: 1 of 2; total allocated: 1 of 20]
2018-07-22 11:47:30,504 DEBUG [main] MainClientExec:235 - Opening connection {s}->https://reqres.in:443
2018-07-22 11:47:30,508 DEBUG [main] DefaultHttpClientConnectionOperator:139 - Connecting to reqres.in/104.27.159.254:443
2018-07-22 11:47:30,508 DEBUG [main] SSLConnectionSocketFactory:337 - Connecting socket to reqres.in/104.27.159.254:443 with timeout 0
2018-07-22 11:47:30,552 DEBUG [main] SSLConnectionSocketFactory:390 - Enabled protocols: [TLSv1, TLSv1.1, TLSv1.2]
2018-07-22 11:47:30,552 DEBUG [main] SSLConnectionSocketFactory:391 - Enabled cipher suites:[TLS_ECDHE_ECDSA_WITH_AES_128_CBC_SHA256, TLS_ECDHE_RSA_WITH_AES_128_CBC_SHA256, TLS_RSA_WITH_AES_128_CBC_SHA256, TLS_ECDH_ECDSA_WITH_AES_128_CBC_SHA256, TLS_ECDH_RSA_WITH_AES_128_CBC_SHA256, TLS_DHE_RSA_WITH_AES_128_CBC_SHA256, TLS_DHE_DSS_WITH_AES_128_CBC_SHA256, TLS_ECDHE_ECDSA_WITH_AES_128_CBC_SHA, TLS_ECDHE_RSA_WITH_AES_128_CBC_SHA, TLS_RSA_WITH_AES_128_CBC_SHA, TLS_ECDH_ECDSA_WITH_AES_128_CBC_SHA, TLS_ECDH_RSA_WITH_AES_128_CBC_SHA, TLS_DHE_RSA_WITH_AES_128_CBC_SHA, TLS_DHE_DSS_WITH_AES_128_CBC_SHA, TLS_ECDHE_ECDSA_WITH_AES_128_GCM_SHA256, TLS_ECDHE_RSA_WITH_AES_128_GCM_SHA256, TLS_RSA_WITH_AES_128_GCM_SHA256, TLS_ECDH_ECDSA_WITH_AES_128_GCM_SHA256, TLS_ECDH_RSA_WITH_AES_128_GCM_SHA256, TLS_DHE_RSA_WITH_AES_128_GCM_SHA256, TLS_DHE_DSS_WITH_AES_128_GCM_SHA256, TLS_ECDHE_ECDSA_WITH_3DES_EDE_CBC_SHA, TLS_ECDHE_RSA_WITH_3DES_EDE_CBC_SHA, SSL_RSA_WITH_3DES_EDE_CBC_SHA, TLS_ECDH_ECDSA_WITH_3DES_EDE_CBC_SHA, TLS_ECDH_RSA_WITH_3DES_EDE_CBC_SHA, SSL_DHE_RSA_WITH_3DES_EDE_CBC_SHA, SSL_DHE_DSS_WITH_3DES_EDE_CBC_SHA, TLS_EMPTY_RENEGOTIATION_INFO_SCSV]
2018-07-22 11:47:30,552 DEBUG [main] SSLConnectionSocketFactory:395 - Starting handshake
2018-07-22 11:47:30,685 DEBUG [main] SSLConnectionSocketFactory:425 - Secure session established
2018-07-22 11:47:30,686 DEBUG [main] SSLConnectionSocketFactory:426 -  negotiated protocol: TLSv1.2
2018-07-22 11:47:30,686 DEBUG [main] SSLConnectionSocketFactory:427 -  negotiated cipher suite: TLS_ECDHE_ECDSA_WITH_AES_128_GCM_SHA256
2018-07-22 11:47:30,686 DEBUG [main] SSLConnectionSocketFactory:435 -  peer principal: CN=sni96286.cloudflaressl.com, OU=PositiveSSL Multi-Domain, OU=Domain Control Validated
2018-07-22 11:47:30,688 DEBUG [main] SSLConnectionSocketFactory:444 -  peer alternative names: [sni96286.cloudflaressl.com, *.6musicnvideos.gq, *.alojadoaluminio.com.br, *.alypa.cl, *.arredamentobar.altervista.org, *.beccariashop.com, *.childrenfuture.cf, *.citycophr.tk, *.creadoree.cf, *.cron.media, *.dhcmx.com, *.dinosreviews.ml, *.dpdfpocong.gq, *.gogwamiri.ga, *.hurtworld-servers.ru, *.hwbutin.com, *.instintobasico.com.br, *.jedzto.ga, *.kados.pro, *.koreadrumq.cf, *.murdochfamily.id.au, *.ninahilliard.club, *.online24x7.cf, *.operagoinggudgeonedyellowknife.com, *.pkrubook.ga, *.precisioncleaninghawaii.com, *.reqres.in, *.rescatevalencia.org, *.rorimaq.com.br, *.sabeonde.com.br, *.satishweb.cf, *.secondhandcar.net, *.secondhandmotorcycle.net, *.secondhandpc.net, *.siemon.id.au, *.tetete.ru, *.thrivenowseminars.com, *.tonysnails.com, *.traitel.es, *.usedcameralens.net, *.vapethevideo.ml, *.ytheredfilm.gq, 6musicnvideos.gq, alojadoaluminio.com.br, alypa.cl, arredamentobar.altervista.org, beccariashop.com, childrenfuture.cf, citycophr.tk, creadoree.cf, cron.media, dhcmx.com, dinosreviews.ml, dpdfpocong.gq, gogwamiri.ga, hurtworld-servers.ru, hwbutin.com, instintobasico.com.br, jedzto.ga, kados.pro, koreadrumq.cf, murdochfamily.id.au, ninahilliard.club, online24x7.cf, operagoinggudgeonedyellowknife.com, pkrubook.ga, precisioncleaninghawaii.com, reqres.in, rescatevalencia.org, rorimaq.com.br, sabeonde.com.br, satishweb.cf, secondhandcar.net, secondhandmotorcycle.net, secondhandpc.net, siemon.id.au, tetete.ru, thrivenowseminars.com, tonysnails.com, traitel.es, usedcameralens.net, vapethevideo.ml, ytheredfilm.gq]
2018-07-22 11:47:30,688 DEBUG [main] SSLConnectionSocketFactory:448 -  issuer principal: CN=COMODO ECC Domain Validation Secure Server CA 2, O=COMODO CA Limited, L=Salford, ST=Greater Manchester, C=GB
2018-07-22 11:47:30,695 DEBUG [main] DefaultHttpClientConnectionOperator:146 - Connection established 192.168.0.16:51334<->104.27.159.254:443
2018-07-22 11:47:30,696 DEBUG [main] MainClientExec:256 - Executing request GET /api/users HTTP/1.1
2018-07-22 11:47:30,697 DEBUG [main] MainClientExec:261 - Target auth state: UNCHALLENGED
2018-07-22 11:47:30,698 DEBUG [main] MainClientExec:267 - Proxy auth state: UNCHALLENGED
2018-07-22 11:47:30,700 DEBUG [main] headers:133 - http-outgoing-0 >> GET /api/users HTTP/1.1
2018-07-22 11:47:30,700 DEBUG [main] headers:136 - http-outgoing-0 >> Host: reqres.in
2018-07-22 11:47:30,701 DEBUG [main] headers:136 - http-outgoing-0 >> Connection: Keep-Alive
2018-07-22 11:47:30,701 DEBUG [main] headers:136 - http-outgoing-0 >> User-Agent: Apache-HttpClient/4.5.3 (Java/1.8.0_144)
2018-07-22 11:47:30,701 DEBUG [main] headers:136 - http-outgoing-0 >> Accept-Encoding: gzip,deflate
2018-07-22 11:47:30,701 DEBUG [main] wire:73 - http-outgoing-0 >> "GET /api/users HTTP/1.1[\r][\n]"
2018-07-22 11:47:30,701 DEBUG [main] wire:73 - http-outgoing-0 >> "Host: reqres.in[\r][\n]"
2018-07-22 11:47:30,702 DEBUG [main] wire:73 - http-outgoing-0 >> "Connection: Keep-Alive[\r][\n]"
2018-07-22 11:47:30,702 DEBUG [main] wire:73 - http-outgoing-0 >> "User-Agent: Apache-HttpClient/4.5.3 (Java/1.8.0_144)[\r][\n]"
2018-07-22 11:47:30,702 DEBUG [main] wire:73 - http-outgoing-0 >> "Accept-Encoding: gzip,deflate[\r][\n]"
2018-07-22 11:47:30,702 DEBUG [main] wire:73 - http-outgoing-0 >> "[\r][\n]"
2018-07-22 11:47:30,813 DEBUG [main] wire:73 - http-outgoing-0 << "HTTP/1.1 200 OK[\r][\n]"
2018-07-22 11:47:30,814 DEBUG [main] wire:73 - http-outgoing-0 << "Date: Sun, 22 Jul 2018 15:47:30 GMT[\r][\n]"
2018-07-22 11:47:30,814 DEBUG [main] wire:73 - http-outgoing-0 << "Content-Type: application/json; charset=utf-8[\r][\n]"
2018-07-22 11:47:30,814 DEBUG [main] wire:73 - http-outgoing-0 << "Transfer-Encoding: chunked[\r][\n]"
2018-07-22 11:47:30,815 DEBUG [main] wire:73 - http-outgoing-0 << "Connection: keep-alive[\r][\n]"
2018-07-22 11:47:30,815 DEBUG [main] wire:73 - http-outgoing-0 << "Set-Cookie: __cfduid=d03c382f9a64ee602ddc9e6564fca1be21532274450; expires=Mon, 22-Jul-19 15:47:30 GMT; path=/; domain=.reqres.in; HttpOnly[\r][\n]"
2018-07-22 11:47:30,815 DEBUG [main] wire:73 - http-outgoing-0 << "X-Powered-By: Express[\r][\n]"
2018-07-22 11:47:30,816 DEBUG [main] wire:73 - http-outgoing-0 << "Access-Control-Allow-Origin: *[\r][\n]"
2018-07-22 11:47:30,816 DEBUG [main] wire:73 - http-outgoing-0 << "ETag: W/"1bb-D+c3sZ5g5u/nmLPQRl1uVo2heAo"[\r][\n]"
2018-07-22 11:47:30,816 DEBUG [main] wire:73 - http-outgoing-0 << "Expect-CT: max-age=604800, report-uri="https://report-uri.cloudflare.com/cdn-cgi/beacon/expect-ct"[\r][\n]"
2018-07-22 11:47:30,816 DEBUG [main] wire:73 - http-outgoing-0 << "Server: cloudflare[\r][\n]"
2018-07-22 11:47:30,816 DEBUG [main] wire:73 - http-outgoing-0 << "CF-RAY: 43e70bd4ed3a91a0-EWR[\r][\n]"
2018-07-22 11:47:30,817 DEBUG [main] wire:73 - http-outgoing-0 << "Content-Encoding: gzip[\r][\n]"
2018-07-22 11:47:30,817 DEBUG [main] wire:73 - http-outgoing-0 << "[\r][\n]"
2018-07-22 11:47:30,817 DEBUG [main] wire:73 - http-outgoing-0 << "db[\r][\n]"
2018-07-22 11:47:30,817 DEBUG [main] wire:73 - http-outgoing-0 << "[0x1f][0x8b][0x8][0x0][0x0][0x0][0x0][0x0][0x0][0x3][0xa4][0xce]Mj[0xc3]0[0x10][0x5][0xe0][0xbb][0xcc]ZX[0xd8][0xee][0xa2]hY([0x85]^[0xa0][0x8b]R[0xc2][0x8b]=[0x91][0x15]$[0x8f][0x90]&[0xe]$[0xe4][0xee][0x85][0xb8][0x10]p[0x97][0xd9][0xc][0xf3][0xc3][0xf0][0xbd]+ex&[0xd7][0x1a][0xca]\v[0xeb][0xd0][0x1b]RQDrm[0xf7][0xd7][0xde]/[0x95][0xdc][0x8b][0xa1][0x11][\n]"
2018-07-22 11:47:30,818 DEBUG [main] wire:73 - http-outgoing-0 << "r[0xdf]W[\n]"
2018-07-22 11:47:30,818 DEBUG [main] wire:73 - http-outgoing-0 << "[0xe3][0xfd][0xef][0x10]J[0xd5][0xdd][0x8c][0xc4][0xe4][0xe8][0x83][0xa5]x&C[0x11][0x8f][0xe5][<[0xe9]D[0x86][0xb0]@Q[0xc8][0xd1][0xa4][0x9a][0xab][0xb3][0xb6][0xf6][\r][0x12].2[0xe3]\[0x9b]A[0x92]=[0x85][0x3][0x6][0xae]v[0xad]z[0xe][0xaa]\[0xec][0x80][0xc8]{[0xf1]#[0xcf][0xb6][0xed]^[0x9b]c[0xf6]t3[0xab][0xdf]m[0xfc]O[0xcc][0xac][0x1b][0xfe][0x8b][0xb1]py[0xc2]?J[0xe5]<U[0xe5][0xf0]?@[0xbf][0x9][0xf0][0x9e][0x12][0xb6][0xbe][0xcc][0xfe][0x9]]"[0xfb],^F[0xf0][0xf2][0xe0]n[0xbf][0x0][0x0][0x0][0xff][0xff][0x3][0x0][0xf4][0xe9]M[[0xbb][0x1][0x0][0x0][\r][\n]"
2018-07-22 11:47:30,820 DEBUG [main] headers:122 - http-outgoing-0 << HTTP/1.1 200 OK
2018-07-22 11:47:30,820 DEBUG [main] headers:125 - http-outgoing-0 << Date: Sun, 22 Jul 2018 15:47:30 GMT
2018-07-22 11:47:30,820 DEBUG [main] headers:125 - http-outgoing-0 << Content-Type: application/json; charset=utf-8
2018-07-22 11:47:30,821 DEBUG [main] headers:125 - http-outgoing-0 << Transfer-Encoding: chunked
2018-07-22 11:47:30,821 DEBUG [main] headers:125 - http-outgoing-0 << Connection: keep-alive
2018-07-22 11:47:30,821 DEBUG [main] headers:125 - http-outgoing-0 << Set-Cookie: __cfduid=d03c382f9a64ee602ddc9e6564fca1be21532274450; expires=Mon, 22-Jul-19 15:47:30 GMT; path=/; domain=.reqres.in; HttpOnly
2018-07-22 11:47:30,821 DEBUG [main] headers:125 - http-outgoing-0 << X-Powered-By: Express
2018-07-22 11:47:30,821 DEBUG [main] headers:125 - http-outgoing-0 << Access-Control-Allow-Origin: *
2018-07-22 11:47:30,821 DEBUG [main] headers:125 - http-outgoing-0 << ETag: W/"1bb-D+c3sZ5g5u/nmLPQRl1uVo2heAo"
2018-07-22 11:47:30,822 DEBUG [main] headers:125 - http-outgoing-0 << Expect-CT: max-age=604800, report-uri="https://report-uri.cloudflare.com/cdn-cgi/beacon/expect-ct"
2018-07-22 11:47:30,822 DEBUG [main] headers:125 - http-outgoing-0 << Server: cloudflare
2018-07-22 11:47:30,822 DEBUG [main] headers:125 - http-outgoing-0 << CF-RAY: 43e70bd4ed3a91a0-EWR
2018-07-22 11:47:30,822 DEBUG [main] headers:125 - http-outgoing-0 << Content-Encoding: gzip
2018-07-22 11:47:30,827 DEBUG [main] MainClientExec:285 - Connection can be kept alive indefinitely
2018-07-22 11:47:30,837 DEBUG [main] ResponseProcessCookies:119 - Cookie accepted [__cfduid="d03c382f9a64ee602ddc9e6564fca1be21532274450", version:0, domain:reqres.in, path:/, expiry:Mon Jul 22 11:47:30 EDT 2019]
2018-07-22 11:47:30,844  INFO [main] TestBase:22 - Properties file have been loaded BY chetan
2018-07-22 11:47:30,849  INFO [main] TestBase:22 - Properties file have been loaded BY chetan
2018-07-22 11:47:30,854 DEBUG [main] wire:73 - http-outgoing-0 << "0[\r][\n]"
2018-07-22 11:47:30,855 DEBUG [main] wire:73 - http-outgoing-0 << "[\r][\n]"
2018-07-22 11:47:30,855 DEBUG [main] PoolingHttpClientConnectionManager:320 - Connection [id: 0][route: {s}->https://reqres.in:443] can be kept alive indefinitely
2018-07-22 11:47:30,855 DEBUG [main] PoolingHttpClientConnectionManager:326 - Connection released: [id: 0][route: {s}->https://reqres.in:443][total kept alive: 1; route allocated: 1 of 2; total allocated: 1 of 20]
